# JRE version: Java(TM) SE Runtime Environment (17.0.12+8) (build 17.0.12+8-LTS-286)
# Java VM: Java HotSpot(TM) 64-Bit Server VM (17.0.12+8-LTS-286, mixed mode, sharing, tiered, compressed oops, compressed class ptrs, g1 gc, windows-amd64)
GC Precious Log:
 CPUs: 16 total, 16 available
 Memory: 16286M
 Large Page Support: Disabled
 NUMA Support: Disabled
 Compressed Oops: Enabled (32-bit)
 Heap Region Size: 1M
 Heap Min Capacity: 8M
 Heap Initial Capacity: 256M
 Heap Max Capacity: 2G
 Pre-touch: Disabled
 Parallel Workers: 13
 Concurrent Workers: 3
 Concurrent Refinement Workers: 13
 Periodic GC: Disabled
Heap:
 garbage-first heap   total 262144K, used 182458K [0x0000000080000000, 0x0000000100000000)
  region size 1024K, 4 young (4096K), 4 survivors (4096K)
 Metaspace       used 90975K, committed 91776K, reserved 1179648K
  class space    used 12721K, committed 13120K, reserved 1048576K
GC Heap History (20 events):
Event: 8.333 GC heap after
{Heap after GC invocations=33 (full 0):
 garbage-first heap   total 238592K, used 77351K [0x0000000080000000, 0x0000000100000000)
  region size 1024K, 2 young (2048K), 2 survivors (2048K)
 Metaspace       used 68258K, committed 68928K, reserved 1114112K
  class space    used 9436K, committed 9792K, reserved 1048576K
}
Event: 9.562 GC heap before
{Heap before GC invocations=33 (full 0):
 garbage-first heap   total 238592K, used 184871K [0x0000000080000000, 0x0000000100000000)
  region size 1024K, 107 young (109568K), 2 survivors (2048K)
 Metaspace       used 76299K, committed 76992K, reserved 1179648K
  class space    used 10706K, committed 11072K, reserved 1048576K
}
Event: 9.565 GC heap after
{Heap after GC invocations=34 (full 0):
 garbage-first heap   total 238592K, used 80736K [0x0000000080000000, 0x0000000100000000)
  region size 1024K, 6 young (6144K), 6 survivors (6144K)
 Metaspace       used 76299K, committed 76992K, reserved 1179648K
  class space    used 10706K, committed 11072K, reserved 1048576K
}
Event: 10.744 GC heap before
{Heap before GC invocations=34 (full 0):
 garbage-first heap   total 238592K, used 187232K [0x0000000080000000, 0x0000000100000000)
  region size 1024K, 111 young (113664K), 6 survivors (6144K)
 Metaspace       used 84124K, committed 84864K, reserved 1179648K
  class space    used 11842K, committed 12224K, reserved 1048576K
}
Event: 10.749 GC heap after
{Heap after GC invocations=35 (full 0):
 garbage-first heap   total 238592K, used 88174K [0x0000000080000000, 0x0000000100000000)
  region size 1024K, 13 young (13312K), 13 survivors (13312K)
 Metaspace       used 84124K, committed 84864K, reserved 1179648K
  class space    used 11842K, committed 12224K, reserved 1048576K
}
Event: 10.993 GC heap before
{Heap before GC invocations=35 (full 0):
 garbage-first heap   total 238592K, used 188526K [0x0000000080000000, 0x0000000100000000)
  region size 1024K, 112 young (114688K), 13 survivors (13312K)
 Metaspace       used 84183K, committed 84928K, reserved 1179648K
  class space    used 11846K, committed 12224K, reserved 1048576K
}
Event: 10.999 GC heap after
{Heap after GC invocations=36 (full 0):
 garbage-first heap   total 238592K, used 92410K [0x0000000080000000, 0x0000000100000000)
  region size 1024K, 6 young (6144K), 6 survivors (6144K)
 Metaspace       used 84183K, committed 84928K, reserved 1179648K
  class space    used 11846K, committed 12224K, reserved 1048576K
}
Event: 11.355 GC heap before
{Heap before GC invocations=36 (full 0):
 garbage-first heap   total 238592K, used 190714K [0x0000000080000000, 0x0000000100000000)
  region size 1024K, 103 young (105472K), 6 survivors (6144K)
 Metaspace       used 84604K, committed 85376K, reserved 1179648K
  class space    used 11903K, committed 12288K, reserved 1048576K
}
Event: 11.358 GC heap after
{Heap after GC invocations=37 (full 0):
 garbage-first heap   total 238592K, used 95668K [0x0000000080000000, 0x0000000100000000)
  region size 1024K, 9 young (9216K), 9 survivors (9216K)
 Metaspace       used 84604K, committed 85376K, reserved 1179648K
  class space    used 11903K, committed 12288K, reserved 1048576K
}
Event: 11.698 GC heap before
{Heap before GC invocations=37 (full 0):
 garbage-first heap   total 238592K, used 197044K [0x0000000080000000, 0x0000000100000000)
  region size 1024K, 104 young (106496K), 9 survivors (9216K)
 Metaspace       used 87077K, committed 87936K, reserved 1179648K
  class space    used 12125K, committed 12544K, reserved 1048576K
}
Event: 11.702 GC heap after
{Heap after GC invocations=38 (full 0):
 garbage-first heap   total 238592K, used 100352K [0x0000000080000000, 0x0000000100000000)
  region size 1024K, 11 young (11264K), 11 survivors (11264K)
 Metaspace       used 87077K, committed 87936K, reserved 1179648K
  class space    used 12125K, committed 12544K, reserved 1048576K
}
Event: 11.892 GC heap before
{Heap before GC invocations=38 (full 0):
 garbage-first heap   total 238592K, used 154624K [0x0000000080000000, 0x0000000100000000)
  region size 1024K, 50 young (51200K), 11 survivors (11264K)
 Metaspace       used 87626K, committed 88448K, reserved 1179648K
  class space    used 12195K, committed 12608K, reserved 1048576K
}
Event: 11.898 GC heap after
{Heap after GC invocations=39 (full 0):
 garbage-first heap   total 238592K, used 123078K [0x0000000080000000, 0x0000000100000000)
  region size 1024K, 9 young (9216K), 9 survivors (9216K)
 Metaspace       used 87626K, committed 88448K, reserved 1179648K
  class space    used 12195K, committed 12608K, reserved 1048576K
}
Event: 12.258 GC heap before
{Heap before GC invocations=40 (full 0):
 garbage-first heap   total 238592K, used 217286K [0x0000000080000000, 0x0000000100000000)
  region size 1024K, 55 young (56320K), 9 survivors (9216K)
 Metaspace       used 90663K, committed 91456K, reserved 1179648K
  class space    used 12681K, committed 13056K, reserved 1048576K
}
Event: 12.261 GC heap after
{Heap after GC invocations=41 (full 0):
 garbage-first heap   total 238592K, used 155810K [0x0000000080000000, 0x0000000100000000)
  region size 1024K, 8 young (8192K), 8 survivors (8192K)
 Metaspace       used 90663K, committed 91456K, reserved 1179648K
  class space    used 12681K, committed 13056K, reserved 1048576K
}
Event: 12.278 GC heap before
{Heap before GC invocations=41 (full 0):
 garbage-first heap   total 238592K, used 161954K [0x0000000080000000, 0x0000000100000000)
  region size 1024K, 11 young (11264K), 8 survivors (8192K)
 Metaspace       used 90705K, committed 91520K, reserved 1179648K
  class space    used 12683K, committed 13056K, reserved 1048576K
}
Event: 12.280 GC heap after
{Heap after GC invocations=42 (full 0):
 garbage-first heap   total 238592K, used 151163K [0x0000000080000000, 0x0000000100000000)
  region size 1024K, 2 young (2048K), 2 survivors (2048K)
 Metaspace       used 90705K, committed 91520K, reserved 1179648K
  class space    used 12683K, committed 13056K, reserved 1048576K
}
Event: 12.499 GC heap before
{Heap before GC invocations=42 (full 0):
 garbage-first heap   total 238592K, used 198267K [0x0000000080000000, 0x0000000100000000)
  region size 1024K, 46 young (47104K), 2 survivors (2048K)
 Metaspace       used 90975K, committed 91776K, reserved 1179648K
  class space    used 12721K, committed 13120K, reserved 1048576K
}
Event: 12.508 GC heap after
{Heap after GC invocations=43 (full 0):
 garbage-first heap   total 238592K, used 169971K [0x0000000080000000, 0x0000000100000000)
  region size 1024K, 6 young (6144K), 6 survivors (6144K)
 Metaspace       used 90975K, committed 91776K, reserved 1179648K
  class space    used 12721K, committed 13120K, reserved 1048576K
}
Event: 12.586 GC heap before
{Heap before GC invocations=43 (full 0):
 garbage-first heap   total 238592K, used 196595K [0x0000000080000000, 0x0000000100000000)
  region size 1024K, 30 young (30720K), 6 survivors (6144K)
 Metaspace       used 90975K, committed 91776K, reserved 1179648K
  class space    used 12721K, committed 13120K, reserved 1048576K
}

